Start testing: Nov 07 22:50 PST
----------------------------------------------------------
1/26 Testing: RTP.NO_FAILURE
1/26 Test: RTP.NO_FAILURE
Command: "/home/zky/lab2-rtp-YukihoKirihara/Lab2-RTP-Test/rtp_test_all" "--gtest_filter=RTP.NO_FAILURE" "--gtest_also_run_disabled_tests"
Directory: /home/zky/lab2-rtp-YukihoKirihara/Lab2-RTP-Test
"RTP.NO_FAILURE" start time: Nov 07 22:50 PST
Output:
----------------------------------------------------------
Note: Google Test filter = RTP.NO_FAILURE
[==========] Running 1 test from 1 test suite.
[----------] Global test environment set-up.
[----------] 1 test from RTP
[ RUN      ] RTP.NO_FAILURE
RTP Connection starts.
RTP Connection terminated.
UDP socket closed.
UDP socket closed.
[       OK ] RTP.NO_FAILURE (4883 ms)
[----------] 1 test from RTP (4883 ms total)

[----------] Global test environment tear-down
[==========] 1 test from 1 test suite ran. (4884 ms total)
[  PASSED  ] 1 test.
<end of output>
Test time =   4.89 sec
----------------------------------------------------------
Test Passed.
"RTP.NO_FAILURE" end time: Nov 07 22:50 PST
"RTP.NO_FAILURE" time elapsed: 00:00:04
----------------------------------------------------------

2/26 Testing: RTP.NO_FAILURE_OPT
2/26 Test: RTP.NO_FAILURE_OPT
Command: "/home/zky/lab2-rtp-YukihoKirihara/Lab2-RTP-Test/rtp_test_all" "--gtest_filter=RTP.NO_FAILURE_OPT" "--gtest_also_run_disabled_tests"
Directory: /home/zky/lab2-rtp-YukihoKirihara/Lab2-RTP-Test
"RTP.NO_FAILURE_OPT" start time: Nov 07 22:50 PST
Output:
----------------------------------------------------------
Note: Google Test filter = RTP.NO_FAILURE_OPT
[==========] Running 1 test from 1 test suite.
[----------] Global test environment set-up.
[----------] 1 test from RTP
[ RUN      ] RTP.NO_FAILURE_OPT
RTP Connection starts.
RTP Connection terminated.
UDP socket closed.
UDP socket closed.
[       OK ] RTP.NO_FAILURE_OPT (5860 ms)
[----------] 1 test from RTP (5860 ms total)

[----------] Global test environment tear-down
[==========] 1 test from 1 test suite ran. (5860 ms total)
[  PASSED  ] 1 test.
<end of output>
Test time =   5.87 sec
----------------------------------------------------------
Test Passed.
"RTP.NO_FAILURE_OPT" end time: Nov 07 22:50 PST
"RTP.NO_FAILURE_OPT" time elapsed: 00:00:05
----------------------------------------------------------

3/26 Testing: RTP.RECEIVER_TEST_LOST_DATA
3/26 Test: RTP.RECEIVER_TEST_LOST_DATA
Command: "/home/zky/lab2-rtp-YukihoKirihara/Lab2-RTP-Test/rtp_test_all" "--gtest_filter=RTP.RECEIVER_TEST_LOST_DATA" "--gtest_also_run_disabled_tests"
Directory: /home/zky/lab2-rtp-YukihoKirihara/Lab2-RTP-Test
"RTP.RECEIVER_TEST_LOST_DATA" start time: Nov 07 22:50 PST
Output:
----------------------------------------------------------
Note: Google Test filter = RTP.RECEIVER_TEST_LOST_DATA
[==========] Running 1 test from 1 test suite.
[----------] Global test environment set-up.
[----------] 1 test from RTP
[ RUN      ] RTP.RECEIVER_TEST_LOST_DATA
UDP socket closed.
[       OK ] RTP.RECEIVER_TEST_LOST_DATA (25424 ms)
[----------] 1 test from RTP (25424 ms total)

[----------] Global test environment tear-down
[==========] 1 test from 1 test suite ran. (25424 ms total)
[  PASSED  ] 1 test.
<end of output>
Test time =  25.44 sec
----------------------------------------------------------
Test Passed.
"RTP.RECEIVER_TEST_LOST_DATA" end time: Nov 07 22:50 PST
"RTP.RECEIVER_TEST_LOST_DATA" time elapsed: 00:00:25
----------------------------------------------------------

4/26 Testing: RTP.RECEIVER_TEST_DUP_DATA
4/26 Test: RTP.RECEIVER_TEST_DUP_DATA
Command: "/home/zky/lab2-rtp-YukihoKirihara/Lab2-RTP-Test/rtp_test_all" "--gtest_filter=RTP.RECEIVER_TEST_DUP_DATA" "--gtest_also_run_disabled_tests"
Directory: /home/zky/lab2-rtp-YukihoKirihara/Lab2-RTP-Test
"RTP.RECEIVER_TEST_DUP_DATA" start time: Nov 07 22:50 PST
Output:
----------------------------------------------------------
Note: Google Test filter = RTP.RECEIVER_TEST_DUP_DATA
[==========] Running 1 test from 1 test suite.
[----------] Global test environment set-up.
[----------] 1 test from RTP
[ RUN      ] RTP.RECEIVER_TEST_DUP_DATA
UDP socket closed.
[       OK ] RTP.RECEIVER_TEST_DUP_DATA (16600 ms)
[----------] 1 test from RTP (16600 ms total)

[----------] Global test environment tear-down
[==========] 1 test from 1 test suite ran. (16601 ms total)
[  PASSED  ] 1 test.
<end of output>
Test time =  16.62 sec
----------------------------------------------------------
Test Passed.
"RTP.RECEIVER_TEST_DUP_DATA" end time: Nov 07 22:51 PST
"RTP.RECEIVER_TEST_DUP_DATA" time elapsed: 00:00:16
----------------------------------------------------------

5/26 Testing: RTP.RECEIVER_TEST_WRONG_CHKSUM_DATA
5/26 Test: RTP.RECEIVER_TEST_WRONG_CHKSUM_DATA
Command: "/home/zky/lab2-rtp-YukihoKirihara/Lab2-RTP-Test/rtp_test_all" "--gtest_filter=RTP.RECEIVER_TEST_WRONG_CHKSUM_DATA" "--gtest_also_run_disabled_tests"
Directory: /home/zky/lab2-rtp-YukihoKirihara/Lab2-RTP-Test
"RTP.RECEIVER_TEST_WRONG_CHKSUM_DATA" start time: Nov 07 22:51 PST
Output:
----------------------------------------------------------
Note: Google Test filter = RTP.RECEIVER_TEST_WRONG_CHKSUM_DATA
[==========] Running 1 test from 1 test suite.
[----------] Global test environment set-up.
[----------] 1 test from RTP
[ RUN      ] RTP.RECEIVER_TEST_WRONG_CHKSUM_DATA
UDP socket closed.
[       OK ] RTP.RECEIVER_TEST_WRONG_CHKSUM_DATA (27297 ms)
[----------] 1 test from RTP (27297 ms total)

[----------] Global test environment tear-down
[==========] 1 test from 1 test suite ran. (27297 ms total)
[  PASSED  ] 1 test.
<end of output>
Test time =  27.31 sec
----------------------------------------------------------
Test Passed.
"RTP.RECEIVER_TEST_WRONG_CHKSUM_DATA" end time: Nov 07 22:51 PST
"RTP.RECEIVER_TEST_WRONG_CHKSUM_DATA" time elapsed: 00:00:27
----------------------------------------------------------

6/26 Testing: RTP.RECEIVER_TEST_REORDER_DATA
6/26 Test: RTP.RECEIVER_TEST_REORDER_DATA
Command: "/home/zky/lab2-rtp-YukihoKirihara/Lab2-RTP-Test/rtp_test_all" "--gtest_filter=RTP.RECEIVER_TEST_REORDER_DATA" "--gtest_also_run_disabled_tests"
Directory: /home/zky/lab2-rtp-YukihoKirihara/Lab2-RTP-Test
"RTP.RECEIVER_TEST_REORDER_DATA" start time: Nov 07 22:51 PST
Output:
----------------------------------------------------------
Note: Google Test filter = RTP.RECEIVER_TEST_REORDER_DATA
[==========] Running 1 test from 1 test suite.
[----------] Global test environment set-up.
[----------] 1 test from RTP
[ RUN      ] RTP.RECEIVER_TEST_REORDER_DATA
UDP socket closed.
[       OK ] RTP.RECEIVER_TEST_REORDER_DATA (14855 ms)
[----------] 1 test from RTP (14855 ms total)

[----------] Global test environment tear-down
[==========] 1 test from 1 test suite ran. (14856 ms total)
[  PASSED  ] 1 test.
<end of output>
Test time =  14.87 sec
----------------------------------------------------------
Test Passed.
"RTP.RECEIVER_TEST_REORDER_DATA" end time: Nov 07 22:51 PST
"RTP.RECEIVER_TEST_REORDER_DATA" time elapsed: 00:00:14
----------------------------------------------------------

7/26 Testing: RTP.RECEIVER_TEST_MIXED_1
7/26 Test: RTP.RECEIVER_TEST_MIXED_1
Command: "/home/zky/lab2-rtp-YukihoKirihara/Lab2-RTP-Test/rtp_test_all" "--gtest_filter=RTP.RECEIVER_TEST_MIXED_1" "--gtest_also_run_disabled_tests"
Directory: /home/zky/lab2-rtp-YukihoKirihara/Lab2-RTP-Test
"RTP.RECEIVER_TEST_MIXED_1" start time: Nov 07 22:51 PST
Output:
----------------------------------------------------------
Note: Google Test filter = RTP.RECEIVER_TEST_MIXED_1
[==========] Running 1 test from 1 test suite.
[----------] Global test environment set-up.
[----------] 1 test from RTP
[ RUN      ] RTP.RECEIVER_TEST_MIXED_1
UDP socket closed.
[       OK ] RTP.RECEIVER_TEST_MIXED_1 (22342 ms)
[----------] 1 test from RTP (22342 ms total)

[----------] Global test environment tear-down
[==========] 1 test from 1 test suite ran. (22342 ms total)
[  PASSED  ] 1 test.
<end of output>
Test time =  22.35 sec
----------------------------------------------------------
Test Passed.
"RTP.RECEIVER_TEST_MIXED_1" end time: Nov 07 22:52 PST
"RTP.RECEIVER_TEST_MIXED_1" time elapsed: 00:00:22
----------------------------------------------------------

8/26 Testing: RTP.RECEIVER_TEST_MIXED_2
8/26 Test: RTP.RECEIVER_TEST_MIXED_2
Command: "/home/zky/lab2-rtp-YukihoKirihara/Lab2-RTP-Test/rtp_test_all" "--gtest_filter=RTP.RECEIVER_TEST_MIXED_2" "--gtest_also_run_disabled_tests"
Directory: /home/zky/lab2-rtp-YukihoKirihara/Lab2-RTP-Test
"RTP.RECEIVER_TEST_MIXED_2" start time: Nov 07 22:52 PST
Output:
----------------------------------------------------------
Note: Google Test filter = RTP.RECEIVER_TEST_MIXED_2
[==========] Running 1 test from 1 test suite.
[----------] Global test environment set-up.
[----------] 1 test from RTP
[ RUN      ] RTP.RECEIVER_TEST_MIXED_2
UDP socket closed.
[       OK ] RTP.RECEIVER_TEST_MIXED_2 (30503 ms)
[----------] 1 test from RTP (30503 ms total)

[----------] Global test environment tear-down
[==========] 1 test from 1 test suite ran. (30503 ms total)
[  PASSED  ] 1 test.
<end of output>
Test time =  30.51 sec
----------------------------------------------------------
Test Passed.
"RTP.RECEIVER_TEST_MIXED_2" end time: Nov 07 22:52 PST
"RTP.RECEIVER_TEST_MIXED_2" time elapsed: 00:00:30
----------------------------------------------------------

9/26 Testing: RTP.SENDER_TEST_LOST_ACK
9/26 Test: RTP.SENDER_TEST_LOST_ACK
Command: "/home/zky/lab2-rtp-YukihoKirihara/Lab2-RTP-Test/rtp_test_all" "--gtest_filter=RTP.SENDER_TEST_LOST_ACK" "--gtest_also_run_disabled_tests"
Directory: /home/zky/lab2-rtp-YukihoKirihara/Lab2-RTP-Test
"RTP.SENDER_TEST_LOST_ACK" start time: Nov 07 22:52 PST
Output:
----------------------------------------------------------
Note: Google Test filter = RTP.SENDER_TEST_LOST_ACK
[==========] Running 1 test from 1 test suite.
[----------] Global test environment set-up.
[----------] 1 test from RTP
[ RUN      ] RTP.SENDER_TEST_LOST_ACK
RTP Connection starts.
RTP Connection terminated.
UDP socket closed.
[       OK ] RTP.SENDER_TEST_LOST_ACK (162108 ms)
[----------] 1 test from RTP (162108 ms total)

[----------] Global test environment tear-down
[==========] 1 test from 1 test suite ran. (162108 ms total)
[  PASSED  ] 1 test.
<end of output>
Test time = 162.12 sec
----------------------------------------------------------
Test Passed.
"RTP.SENDER_TEST_LOST_ACK" end time: Nov 07 22:55 PST
"RTP.SENDER_TEST_LOST_ACK" time elapsed: 00:02:42
----------------------------------------------------------

10/26 Testing: RTP.SENDER_TEST_DUP_ACK
10/26 Test: RTP.SENDER_TEST_DUP_ACK
Command: "/home/zky/lab2-rtp-YukihoKirihara/Lab2-RTP-Test/rtp_test_all" "--gtest_filter=RTP.SENDER_TEST_DUP_ACK" "--gtest_also_run_disabled_tests"
Directory: /home/zky/lab2-rtp-YukihoKirihara/Lab2-RTP-Test
"RTP.SENDER_TEST_DUP_ACK" start time: Nov 07 22:55 PST
Output:
----------------------------------------------------------
Note: Google Test filter = RTP.SENDER_TEST_DUP_ACK
[==========] Running 1 test from 1 test suite.
[----------] Global test environment set-up.
[----------] 1 test from RTP
[ RUN      ] RTP.SENDER_TEST_DUP_ACK
RTP Connection starts.
RTP Connection terminated.
UDP socket closed.
[       OK ] RTP.SENDER_TEST_DUP_ACK (17373 ms)
[----------] 1 test from RTP (17374 ms total)

[----------] Global test environment tear-down
[==========] 1 test from 1 test suite ran. (17374 ms total)
[  PASSED  ] 1 test.
<end of output>
Test time =  17.39 sec
----------------------------------------------------------
Test Passed.
"RTP.SENDER_TEST_DUP_ACK" end time: Nov 07 22:55 PST
"RTP.SENDER_TEST_DUP_ACK" time elapsed: 00:00:17
----------------------------------------------------------

11/26 Testing: RTP.SENDER_TEST_WRONG_CHKSUM_ACK
11/26 Test: RTP.SENDER_TEST_WRONG_CHKSUM_ACK
Command: "/home/zky/lab2-rtp-YukihoKirihara/Lab2-RTP-Test/rtp_test_all" "--gtest_filter=RTP.SENDER_TEST_WRONG_CHKSUM_ACK" "--gtest_also_run_disabled_tests"
Directory: /home/zky/lab2-rtp-YukihoKirihara/Lab2-RTP-Test
"RTP.SENDER_TEST_WRONG_CHKSUM_ACK" start time: Nov 07 22:55 PST
Output:
----------------------------------------------------------
Note: Google Test filter = RTP.SENDER_TEST_WRONG_CHKSUM_ACK
[==========] Running 1 test from 1 test suite.
[----------] Global test environment set-up.
[----------] 1 test from RTP
[ RUN      ] RTP.SENDER_TEST_WRONG_CHKSUM_ACK
RTP Connection starts.
RTP Connection terminated.
UDP socket closed.
[       OK ] RTP.SENDER_TEST_WRONG_CHKSUM_ACK (4259 ms)
[----------] 1 test from RTP (4259 ms total)

[----------] Global test environment tear-down
[==========] 1 test from 1 test suite ran. (4259 ms total)
[  PASSED  ] 1 test.
<end of output>
Test time =   4.27 sec
----------------------------------------------------------
Test Passed.
"RTP.SENDER_TEST_WRONG_CHKSUM_ACK" end time: Nov 07 22:55 PST
"RTP.SENDER_TEST_WRONG_CHKSUM_ACK" time elapsed: 00:00:04
----------------------------------------------------------

12/26 Testing: RTP.SENDER_TEST_REORDER_ACK
12/26 Test: RTP.SENDER_TEST_REORDER_ACK
Command: "/home/zky/lab2-rtp-YukihoKirihara/Lab2-RTP-Test/rtp_test_all" "--gtest_filter=RTP.SENDER_TEST_REORDER_ACK" "--gtest_also_run_disabled_tests"
Directory: /home/zky/lab2-rtp-YukihoKirihara/Lab2-RTP-Test
"RTP.SENDER_TEST_REORDER_ACK" start time: Nov 07 22:55 PST
Output:
----------------------------------------------------------
Note: Google Test filter = RTP.SENDER_TEST_REORDER_ACK
[==========] Running 1 test from 1 test suite.
[----------] Global test environment set-up.
[----------] 1 test from RTP
[ RUN      ] RTP.SENDER_TEST_REORDER_ACK
RTP Connection starts.
RTP Connection terminated.
UDP socket closed.
[       OK ] RTP.SENDER_TEST_REORDER_ACK (2335 ms)
[----------] 1 test from RTP (2335 ms total)

[----------] Global test environment tear-down
[==========] 1 test from 1 test suite ran. (2336 ms total)
[  PASSED  ] 1 test.
<end of output>
Test time =   2.35 sec
----------------------------------------------------------
Test Passed.
"RTP.SENDER_TEST_REORDER_ACK" end time: Nov 07 22:55 PST
"RTP.SENDER_TEST_REORDER_ACK" time elapsed: 00:00:02
----------------------------------------------------------

13/26 Testing: RTP.SENDER_TEST_MIXED_1
13/26 Test: RTP.SENDER_TEST_MIXED_1
Command: "/home/zky/lab2-rtp-YukihoKirihara/Lab2-RTP-Test/rtp_test_all" "--gtest_filter=RTP.SENDER_TEST_MIXED_1" "--gtest_also_run_disabled_tests"
Directory: /home/zky/lab2-rtp-YukihoKirihara/Lab2-RTP-Test
"RTP.SENDER_TEST_MIXED_1" start time: Nov 07 22:55 PST
Output:
----------------------------------------------------------
Note: Google Test filter = RTP.SENDER_TEST_MIXED_1
[==========] Running 1 test from 1 test suite.
[----------] Global test environment set-up.
[----------] 1 test from RTP
[ RUN      ] RTP.SENDER_TEST_MIXED_1
RTP Connection starts.
RTP Connection terminated.
UDP socket closed.
[       OK ] RTP.SENDER_TEST_MIXED_1 (5590 ms)
[----------] 1 test from RTP (5590 ms total)

[----------] Global test environment tear-down
[==========] 1 test from 1 test suite ran. (5590 ms total)
[  PASSED  ] 1 test.
<end of output>
Test time =   5.60 sec
----------------------------------------------------------
Test Passed.
"RTP.SENDER_TEST_MIXED_1" end time: Nov 07 22:55 PST
"RTP.SENDER_TEST_MIXED_1" time elapsed: 00:00:05
----------------------------------------------------------

14/26 Testing: RTP.SENDER_TEST_MIXED_2
14/26 Test: RTP.SENDER_TEST_MIXED_2
Command: "/home/zky/lab2-rtp-YukihoKirihara/Lab2-RTP-Test/rtp_test_all" "--gtest_filter=RTP.SENDER_TEST_MIXED_2" "--gtest_also_run_disabled_tests"
Directory: /home/zky/lab2-rtp-YukihoKirihara/Lab2-RTP-Test
"RTP.SENDER_TEST_MIXED_2" start time: Nov 07 22:55 PST
Output:
----------------------------------------------------------
Note: Google Test filter = RTP.SENDER_TEST_MIXED_2
[==========] Running 1 test from 1 test suite.
[----------] Global test environment set-up.
[----------] 1 test from RTP
[ RUN      ] RTP.SENDER_TEST_MIXED_2
RTP Connection starts.
RTP Connection terminated.
UDP socket closed.
[       OK ] RTP.SENDER_TEST_MIXED_2 (3516 ms)
[----------] 1 test from RTP (3517 ms total)

[----------] Global test environment tear-down
[==========] 1 test from 1 test suite ran. (3517 ms total)
[  PASSED  ] 1 test.
<end of output>
Test time =   3.53 sec
----------------------------------------------------------
Test Passed.
"RTP.SENDER_TEST_MIXED_2" end time: Nov 07 22:55 PST
"RTP.SENDER_TEST_MIXED_2" time elapsed: 00:00:03
----------------------------------------------------------

15/26 Testing: RTP.OPT_RECEIVER_TEST_LOST_DATA
15/26 Test: RTP.OPT_RECEIVER_TEST_LOST_DATA
Command: "/home/zky/lab2-rtp-YukihoKirihara/Lab2-RTP-Test/rtp_test_all" "--gtest_filter=RTP.OPT_RECEIVER_TEST_LOST_DATA" "--gtest_also_run_disabled_tests"
Directory: /home/zky/lab2-rtp-YukihoKirihara/Lab2-RTP-Test
"RTP.OPT_RECEIVER_TEST_LOST_DATA" start time: Nov 07 22:55 PST
Output:
----------------------------------------------------------
Note: Google Test filter = RTP.OPT_RECEIVER_TEST_LOST_DATA
[==========] Running 1 test from 1 test suite.
[----------] Global test environment set-up.
[----------] 1 test from RTP
[ RUN      ] RTP.OPT_RECEIVER_TEST_LOST_DATA
UDP socket closed.
[       OK ] RTP.OPT_RECEIVER_TEST_LOST_DATA (19879 ms)
[----------] 1 test from RTP (19879 ms total)

[----------] Global test environment tear-down
[==========] 1 test from 1 test suite ran. (19879 ms total)
[  PASSED  ] 1 test.
<end of output>
Test time =  19.89 sec
----------------------------------------------------------
Test Passed.
"RTP.OPT_RECEIVER_TEST_LOST_DATA" end time: Nov 07 22:56 PST
"RTP.OPT_RECEIVER_TEST_LOST_DATA" time elapsed: 00:00:19
----------------------------------------------------------

16/26 Testing: RTP.OPT_RECEIVER_TEST_DUP_DATA
16/26 Test: RTP.OPT_RECEIVER_TEST_DUP_DATA
Command: "/home/zky/lab2-rtp-YukihoKirihara/Lab2-RTP-Test/rtp_test_all" "--gtest_filter=RTP.OPT_RECEIVER_TEST_DUP_DATA" "--gtest_also_run_disabled_tests"
Directory: /home/zky/lab2-rtp-YukihoKirihara/Lab2-RTP-Test
"RTP.OPT_RECEIVER_TEST_DUP_DATA" start time: Nov 07 22:56 PST
Output:
----------------------------------------------------------
Note: Google Test filter = RTP.OPT_RECEIVER_TEST_DUP_DATA
[==========] Running 1 test from 1 test suite.
[----------] Global test environment set-up.
[----------] 1 test from RTP
[ RUN      ] RTP.OPT_RECEIVER_TEST_DUP_DATA
UDP socket closed.
[       OK ] RTP.OPT_RECEIVER_TEST_DUP_DATA (14231 ms)
[----------] 1 test from RTP (14231 ms total)

[----------] Global test environment tear-down
[==========] 1 test from 1 test suite ran. (14231 ms total)
[  PASSED  ] 1 test.
<end of output>
Test time =  14.24 sec
----------------------------------------------------------
Test Passed.
"RTP.OPT_RECEIVER_TEST_DUP_DATA" end time: Nov 07 22:56 PST
"RTP.OPT_RECEIVER_TEST_DUP_DATA" time elapsed: 00:00:14
----------------------------------------------------------

17/26 Testing: RTP.OPT_RECEIVER_TEST_WRONG_CHKSUM_DATA
17/26 Test: RTP.OPT_RECEIVER_TEST_WRONG_CHKSUM_DATA
Command: "/home/zky/lab2-rtp-YukihoKirihara/Lab2-RTP-Test/rtp_test_all" "--gtest_filter=RTP.OPT_RECEIVER_TEST_WRONG_CHKSUM_DATA" "--gtest_also_run_disabled_tests"
Directory: /home/zky/lab2-rtp-YukihoKirihara/Lab2-RTP-Test
"RTP.OPT_RECEIVER_TEST_WRONG_CHKSUM_DATA" start time: Nov 07 22:56 PST
Output:
----------------------------------------------------------
Note: Google Test filter = RTP.OPT_RECEIVER_TEST_WRONG_CHKSUM_DATA
[==========] Running 1 test from 1 test suite.
[----------] Global test environment set-up.
[----------] 1 test from RTP
[ RUN      ] RTP.OPT_RECEIVER_TEST_WRONG_CHKSUM_DATA
UDP socket closed.
[       OK ] RTP.OPT_RECEIVER_TEST_WRONG_CHKSUM_DATA (20457 ms)
[----------] 1 test from RTP (20457 ms total)

[----------] Global test environment tear-down
[==========] 1 test from 1 test suite ran. (20457 ms total)
[  PASSED  ] 1 test.
<end of output>
Test time =  20.46 sec
----------------------------------------------------------
Test Passed.
"RTP.OPT_RECEIVER_TEST_WRONG_CHKSUM_DATA" end time: Nov 07 22:56 PST
"RTP.OPT_RECEIVER_TEST_WRONG_CHKSUM_DATA" time elapsed: 00:00:20
----------------------------------------------------------

18/26 Testing: RTP.OPT_RECEIVER_TEST_REORDER_DATA
18/26 Test: RTP.OPT_RECEIVER_TEST_REORDER_DATA
Command: "/home/zky/lab2-rtp-YukihoKirihara/Lab2-RTP-Test/rtp_test_all" "--gtest_filter=RTP.OPT_RECEIVER_TEST_REORDER_DATA" "--gtest_also_run_disabled_tests"
Directory: /home/zky/lab2-rtp-YukihoKirihara/Lab2-RTP-Test
"RTP.OPT_RECEIVER_TEST_REORDER_DATA" start time: Nov 07 22:56 PST
Output:
----------------------------------------------------------
Note: Google Test filter = RTP.OPT_RECEIVER_TEST_REORDER_DATA
[==========] Running 1 test from 1 test suite.
[----------] Global test environment set-up.
[----------] 1 test from RTP
[ RUN      ] RTP.OPT_RECEIVER_TEST_REORDER_DATA
UDP socket closed.
[       OK ] RTP.OPT_RECEIVER_TEST_REORDER_DATA (12313 ms)
[----------] 1 test from RTP (12313 ms total)

[----------] Global test environment tear-down
[==========] 1 test from 1 test suite ran. (12313 ms total)
[  PASSED  ] 1 test.
<end of output>
Test time =  12.33 sec
----------------------------------------------------------
Test Passed.
"RTP.OPT_RECEIVER_TEST_REORDER_DATA" end time: Nov 07 22:57 PST
"RTP.OPT_RECEIVER_TEST_REORDER_DATA" time elapsed: 00:00:12
----------------------------------------------------------

19/26 Testing: RTP.OPT_RECEIVER_TEST_MIXED_1
19/26 Test: RTP.OPT_RECEIVER_TEST_MIXED_1
Command: "/home/zky/lab2-rtp-YukihoKirihara/Lab2-RTP-Test/rtp_test_all" "--gtest_filter=RTP.OPT_RECEIVER_TEST_MIXED_1" "--gtest_also_run_disabled_tests"
Directory: /home/zky/lab2-rtp-YukihoKirihara/Lab2-RTP-Test
"RTP.OPT_RECEIVER_TEST_MIXED_1" start time: Nov 07 22:57 PST
Output:
----------------------------------------------------------
Note: Google Test filter = RTP.OPT_RECEIVER_TEST_MIXED_1
[==========] Running 1 test from 1 test suite.
[----------] Global test environment set-up.
[----------] 1 test from RTP
[ RUN      ] RTP.OPT_RECEIVER_TEST_MIXED_1
UDP socket closed.
[       OK ] RTP.OPT_RECEIVER_TEST_MIXED_1 (17348 ms)
[----------] 1 test from RTP (17349 ms total)

[----------] Global test environment tear-down
[==========] 1 test from 1 test suite ran. (17349 ms total)
[  PASSED  ] 1 test.
<end of output>
Test time =  17.36 sec
----------------------------------------------------------
Test Passed.
"RTP.OPT_RECEIVER_TEST_MIXED_1" end time: Nov 07 22:57 PST
"RTP.OPT_RECEIVER_TEST_MIXED_1" time elapsed: 00:00:17
----------------------------------------------------------

20/26 Testing: RTP.OPT_RECEIVER_TEST_MIXED_2
20/26 Test: RTP.OPT_RECEIVER_TEST_MIXED_2
Command: "/home/zky/lab2-rtp-YukihoKirihara/Lab2-RTP-Test/rtp_test_all" "--gtest_filter=RTP.OPT_RECEIVER_TEST_MIXED_2" "--gtest_also_run_disabled_tests"
Directory: /home/zky/lab2-rtp-YukihoKirihara/Lab2-RTP-Test
"RTP.OPT_RECEIVER_TEST_MIXED_2" start time: Nov 07 22:57 PST
Output:
----------------------------------------------------------
Note: Google Test filter = RTP.OPT_RECEIVER_TEST_MIXED_2
[==========] Running 1 test from 1 test suite.
[----------] Global test environment set-up.
[----------] 1 test from RTP
[ RUN      ] RTP.OPT_RECEIVER_TEST_MIXED_2
UDP socket closed.
[       OK ] RTP.OPT_RECEIVER_TEST_MIXED_2 (22835 ms)
[----------] 1 test from RTP (22835 ms total)

[----------] Global test environment tear-down
[==========] 1 test from 1 test suite ran. (22835 ms total)
[  PASSED  ] 1 test.
<end of output>
Test time =  22.84 sec
----------------------------------------------------------
Test Passed.
"RTP.OPT_RECEIVER_TEST_MIXED_2" end time: Nov 07 22:57 PST
"RTP.OPT_RECEIVER_TEST_MIXED_2" time elapsed: 00:00:22
----------------------------------------------------------

21/26 Testing: RTP.OPT_SENDER_TEST_LOST_ACK
21/26 Test: RTP.OPT_SENDER_TEST_LOST_ACK
Command: "/home/zky/lab2-rtp-YukihoKirihara/Lab2-RTP-Test/rtp_test_all" "--gtest_filter=RTP.OPT_SENDER_TEST_LOST_ACK" "--gtest_also_run_disabled_tests"
Directory: /home/zky/lab2-rtp-YukihoKirihara/Lab2-RTP-Test
"RTP.OPT_SENDER_TEST_LOST_ACK" start time: Nov 07 22:57 PST
Output:
----------------------------------------------------------
Note: Google Test filter = RTP.OPT_SENDER_TEST_LOST_ACK
[==========] Running 1 test from 1 test suite.
[----------] Global test environment set-up.
[----------] 1 test from RTP
[ RUN      ] RTP.OPT_SENDER_TEST_LOST_ACK
RTP Connection starts.
RTP Connection terminated.
UDP socket closed.
[       OK ] RTP.OPT_SENDER_TEST_LOST_ACK (57891 ms)
[----------] 1 test from RTP (57892 ms total)

[----------] Global test environment tear-down
[==========] 1 test from 1 test suite ran. (57892 ms total)
[  PASSED  ] 1 test.
<end of output>
Test time =  57.90 sec
----------------------------------------------------------
Test Passed.
"RTP.OPT_SENDER_TEST_LOST_ACK" end time: Nov 07 22:58 PST
"RTP.OPT_SENDER_TEST_LOST_ACK" time elapsed: 00:00:57
----------------------------------------------------------

22/26 Testing: RTP.OPT_SENDER_TEST_DUP_ACK
22/26 Test: RTP.OPT_SENDER_TEST_DUP_ACK
Command: "/home/zky/lab2-rtp-YukihoKirihara/Lab2-RTP-Test/rtp_test_all" "--gtest_filter=RTP.OPT_SENDER_TEST_DUP_ACK" "--gtest_also_run_disabled_tests"
Directory: /home/zky/lab2-rtp-YukihoKirihara/Lab2-RTP-Test
"RTP.OPT_SENDER_TEST_DUP_ACK" start time: Nov 07 22:58 PST
Output:
----------------------------------------------------------
Note: Google Test filter = RTP.OPT_SENDER_TEST_DUP_ACK
[==========] Running 1 test from 1 test suite.
[----------] Global test environment set-up.
[----------] 1 test from RTP
[ RUN      ] RTP.OPT_SENDER_TEST_DUP_ACK
RTP Connection starts.
RTP Connection terminated.
UDP socket closed.
[       OK ] RTP.OPT_SENDER_TEST_DUP_ACK (8548 ms)
[----------] 1 test from RTP (8548 ms total)

[----------] Global test environment tear-down
[==========] 1 test from 1 test suite ran. (8548 ms total)
[  PASSED  ] 1 test.
<end of output>
Test time =   8.56 sec
----------------------------------------------------------
Test Passed.
"RTP.OPT_SENDER_TEST_DUP_ACK" end time: Nov 07 22:58 PST
"RTP.OPT_SENDER_TEST_DUP_ACK" time elapsed: 00:00:08
----------------------------------------------------------

23/26 Testing: RTP.OPT_SENDER_TEST_WRONG_CHKSUM_ACK
23/26 Test: RTP.OPT_SENDER_TEST_WRONG_CHKSUM_ACK
Command: "/home/zky/lab2-rtp-YukihoKirihara/Lab2-RTP-Test/rtp_test_all" "--gtest_filter=RTP.OPT_SENDER_TEST_WRONG_CHKSUM_ACK" "--gtest_also_run_disabled_tests"
Directory: /home/zky/lab2-rtp-YukihoKirihara/Lab2-RTP-Test
"RTP.OPT_SENDER_TEST_WRONG_CHKSUM_ACK" start time: Nov 07 22:58 PST
Output:
----------------------------------------------------------
Note: Google Test filter = RTP.OPT_SENDER_TEST_WRONG_CHKSUM_ACK
[==========] Running 1 test from 1 test suite.
[----------] Global test environment set-up.
[----------] 1 test from RTP
[ RUN      ] RTP.OPT_SENDER_TEST_WRONG_CHKSUM_ACK
RTP Connection starts.
RTP Connection terminated.
UDP socket closed.
[       OK ] RTP.OPT_SENDER_TEST_WRONG_CHKSUM_ACK (37921 ms)
[----------] 1 test from RTP (37921 ms total)

[----------] Global test environment tear-down
[==========] 1 test from 1 test suite ran. (37921 ms total)
[  PASSED  ] 1 test.
<end of output>
Test time =  37.93 sec
----------------------------------------------------------
Test Passed.
"RTP.OPT_SENDER_TEST_WRONG_CHKSUM_ACK" end time: Nov 07 22:59 PST
"RTP.OPT_SENDER_TEST_WRONG_CHKSUM_ACK" time elapsed: 00:00:37
----------------------------------------------------------

24/26 Testing: RTP.OPT_SENDER_TEST_REORDER_ACK
24/26 Test: RTP.OPT_SENDER_TEST_REORDER_ACK
Command: "/home/zky/lab2-rtp-YukihoKirihara/Lab2-RTP-Test/rtp_test_all" "--gtest_filter=RTP.OPT_SENDER_TEST_REORDER_ACK" "--gtest_also_run_disabled_tests"
Directory: /home/zky/lab2-rtp-YukihoKirihara/Lab2-RTP-Test
"RTP.OPT_SENDER_TEST_REORDER_ACK" start time: Nov 07 22:59 PST
Output:
----------------------------------------------------------
Note: Google Test filter = RTP.OPT_SENDER_TEST_REORDER_ACK
[==========] Running 1 test from 1 test suite.
[----------] Global test environment set-up.
[----------] 1 test from RTP
[ RUN      ] RTP.OPT_SENDER_TEST_REORDER_ACK
RTP Connection starts.
RTP Connection terminated.
UDP socket closed.
[       OK ] RTP.OPT_SENDER_TEST_REORDER_ACK (2526 ms)
[----------] 1 test from RTP (2526 ms total)

[----------] Global test environment tear-down
[==========] 1 test from 1 test suite ran. (2526 ms total)
[  PASSED  ] 1 test.
<end of output>
Test time =   2.54 sec
----------------------------------------------------------
Test Passed.
"RTP.OPT_SENDER_TEST_REORDER_ACK" end time: Nov 07 22:59 PST
"RTP.OPT_SENDER_TEST_REORDER_ACK" time elapsed: 00:00:02
----------------------------------------------------------

25/26 Testing: RTP.OPT_SENDER_TEST_MIXED_1
25/26 Test: RTP.OPT_SENDER_TEST_MIXED_1
Command: "/home/zky/lab2-rtp-YukihoKirihara/Lab2-RTP-Test/rtp_test_all" "--gtest_filter=RTP.OPT_SENDER_TEST_MIXED_1" "--gtest_also_run_disabled_tests"
Directory: /home/zky/lab2-rtp-YukihoKirihara/Lab2-RTP-Test
"RTP.OPT_SENDER_TEST_MIXED_1" start time: Nov 07 22:59 PST
Output:
----------------------------------------------------------
Note: Google Test filter = RTP.OPT_SENDER_TEST_MIXED_1
[==========] Running 1 test from 1 test suite.
[----------] Global test environment set-up.
[----------] 1 test from RTP
[ RUN      ] RTP.OPT_SENDER_TEST_MIXED_1
RTP Connection starts.
RTP Connection terminated.
UDP socket closed.
[       OK ] RTP.OPT_SENDER_TEST_MIXED_1 (28373 ms)
[----------] 1 test from RTP (28373 ms total)

[----------] Global test environment tear-down
[==========] 1 test from 1 test suite ran. (28374 ms total)
[  PASSED  ] 1 test.
<end of output>
Test time =  28.38 sec
----------------------------------------------------------
Test Passed.
"RTP.OPT_SENDER_TEST_MIXED_1" end time: Nov 07 23:00 PST
"RTP.OPT_SENDER_TEST_MIXED_1" time elapsed: 00:00:28
----------------------------------------------------------

26/26 Testing: RTP.OPT_SENDER_TEST_MIXED_2
26/26 Test: RTP.OPT_SENDER_TEST_MIXED_2
Command: "/home/zky/lab2-rtp-YukihoKirihara/Lab2-RTP-Test/rtp_test_all" "--gtest_filter=RTP.OPT_SENDER_TEST_MIXED_2" "--gtest_also_run_disabled_tests"
Directory: /home/zky/lab2-rtp-YukihoKirihara/Lab2-RTP-Test
"RTP.OPT_SENDER_TEST_MIXED_2" start time: Nov 07 23:00 PST
Output:
----------------------------------------------------------
Note: Google Test filter = RTP.OPT_SENDER_TEST_MIXED_2
[==========] Running 1 test from 1 test suite.
[----------] Global test environment set-up.
[----------] 1 test from RTP
[ RUN      ] RTP.OPT_SENDER_TEST_MIXED_2
RTP Connection starts.
RTP Connection terminated.
UDP socket closed.
[       OK ] RTP.OPT_SENDER_TEST_MIXED_2 (52631 ms)
[----------] 1 test from RTP (52631 ms total)

[----------] Global test environment tear-down
[==========] 1 test from 1 test suite ran. (52631 ms total)
[  PASSED  ] 1 test.
<end of output>
Test time =  52.64 sec
----------------------------------------------------------
Test Passed.
"RTP.OPT_SENDER_TEST_MIXED_2" end time: Nov 07 23:00 PST
"RTP.OPT_SENDER_TEST_MIXED_2" time elapsed: 00:00:52
----------------------------------------------------------

End testing: Nov 07 23:00 PST
