Start testing: Nov 07 03:33 PST
----------------------------------------------------------
1/26 Testing: RTP.NO_FAILURE
1/26 Test: RTP.NO_FAILURE
Command: "/home/zky/lab2-rtp-YukihoKirihara/Lab2-RTP-Test/rtp_test_all" "--gtest_filter=RTP.NO_FAILURE" "--gtest_also_run_disabled_tests"
Directory: /home/zky/lab2-rtp-YukihoKirihara/Lab2-RTP-Test
"RTP.NO_FAILURE" start time: Nov 07 03:33 PST
Output:
----------------------------------------------------------
Note: Google Test filter = RTP.NO_FAILURE
[==========] Running 1 test from 1 test suite.
[----------] Global test environment set-up.
[----------] 1 test from RTP
[ RUN      ] RTP.NO_FAILURE
START Message sent.
RTP Connection starts.
RTP Connection terminated.
UDP socket closed.
RTP Connection terminated.
UDP socket closed.
[       OK ] RTP.NO_FAILURE (5342 ms)
[----------] 1 test from RTP (5342 ms total)

[----------] Global test environment tear-down
[==========] 1 test from 1 test suite ran. (5343 ms total)
[  PASSED  ] 1 test.
<end of output>
Test time =   5.36 sec
----------------------------------------------------------
Test Passed.
"RTP.NO_FAILURE" end time: Nov 07 03:33 PST
"RTP.NO_FAILURE" time elapsed: 00:00:05
----------------------------------------------------------

2/26 Testing: RTP.NO_FAILURE_OPT
2/26 Test: RTP.NO_FAILURE_OPT
Command: "/home/zky/lab2-rtp-YukihoKirihara/Lab2-RTP-Test/rtp_test_all" "--gtest_filter=RTP.NO_FAILURE_OPT" "--gtest_also_run_disabled_tests"
Directory: /home/zky/lab2-rtp-YukihoKirihara/Lab2-RTP-Test
"RTP.NO_FAILURE_OPT" start time: Nov 07 03:33 PST
Output:
----------------------------------------------------------
Note: Google Test filter = RTP.NO_FAILURE_OPT
[==========] Running 1 test from 1 test suite.
[----------] Global test environment set-up.
[----------] 1 test from RTP
[ RUN      ] RTP.NO_FAILURE_OPT
START Message sent.
RTP Connection starts.
RTP Connection terminated.
UDP socket closed.
RTP Connection terminated.
UDP socket closed.
[       OK ] RTP.NO_FAILURE_OPT (5938 ms)
[----------] 1 test from RTP (5938 ms total)

[----------] Global test environment tear-down
[==========] 1 test from 1 test suite ran. (5939 ms total)
[  PASSED  ] 1 test.
<end of output>
Test time =   5.96 sec
----------------------------------------------------------
Test Passed.
"RTP.NO_FAILURE_OPT" end time: Nov 07 03:33 PST
"RTP.NO_FAILURE_OPT" time elapsed: 00:00:05
----------------------------------------------------------

3/26 Testing: RTP.RECEIVER_TEST_LOST_DATA
3/26 Test: RTP.RECEIVER_TEST_LOST_DATA
Command: "/home/zky/lab2-rtp-YukihoKirihara/Lab2-RTP-Test/rtp_test_all" "--gtest_filter=RTP.RECEIVER_TEST_LOST_DATA" "--gtest_also_run_disabled_tests"
Directory: /home/zky/lab2-rtp-YukihoKirihara/Lab2-RTP-Test
"RTP.RECEIVER_TEST_LOST_DATA" start time: Nov 07 03:33 PST
Output:
----------------------------------------------------------
Note: Google Test filter = RTP.RECEIVER_TEST_LOST_DATA
[==========] Running 1 test from 1 test suite.
[----------] Global test environment set-up.
[----------] 1 test from RTP
[ RUN      ] RTP.RECEIVER_TEST_LOST_DATA
RTP Connection terminated.
UDP socket closed.
[       OK ] RTP.RECEIVER_TEST_LOST_DATA (26436 ms)
[----------] 1 test from RTP (26436 ms total)

[----------] Global test environment tear-down
[==========] 1 test from 1 test suite ran. (26436 ms total)
[  PASSED  ] 1 test.
<end of output>
Test time =  26.45 sec
----------------------------------------------------------
Test Passed.
"RTP.RECEIVER_TEST_LOST_DATA" end time: Nov 07 03:33 PST
"RTP.RECEIVER_TEST_LOST_DATA" time elapsed: 00:00:26
----------------------------------------------------------

4/26 Testing: RTP.RECEIVER_TEST_DUP_DATA
4/26 Test: RTP.RECEIVER_TEST_DUP_DATA
Command: "/home/zky/lab2-rtp-YukihoKirihara/Lab2-RTP-Test/rtp_test_all" "--gtest_filter=RTP.RECEIVER_TEST_DUP_DATA" "--gtest_also_run_disabled_tests"
Directory: /home/zky/lab2-rtp-YukihoKirihara/Lab2-RTP-Test
"RTP.RECEIVER_TEST_DUP_DATA" start time: Nov 07 03:33 PST
Output:
----------------------------------------------------------
Note: Google Test filter = RTP.RECEIVER_TEST_DUP_DATA
[==========] Running 1 test from 1 test suite.
[----------] Global test environment set-up.
[----------] 1 test from RTP
[ RUN      ] RTP.RECEIVER_TEST_DUP_DATA
RTP Connection terminated.
UDP socket closed.
[       OK ] RTP.RECEIVER_TEST_DUP_DATA (17793 ms)
[----------] 1 test from RTP (17793 ms total)

[----------] Global test environment tear-down
[==========] 1 test from 1 test suite ran. (17793 ms total)
[  PASSED  ] 1 test.
<end of output>
Test time =  17.81 sec
----------------------------------------------------------
Test Passed.
"RTP.RECEIVER_TEST_DUP_DATA" end time: Nov 07 03:34 PST
"RTP.RECEIVER_TEST_DUP_DATA" time elapsed: 00:00:17
----------------------------------------------------------

5/26 Testing: RTP.RECEIVER_TEST_WRONG_CHKSUM_DATA
5/26 Test: RTP.RECEIVER_TEST_WRONG_CHKSUM_DATA
Command: "/home/zky/lab2-rtp-YukihoKirihara/Lab2-RTP-Test/rtp_test_all" "--gtest_filter=RTP.RECEIVER_TEST_WRONG_CHKSUM_DATA" "--gtest_also_run_disabled_tests"
Directory: /home/zky/lab2-rtp-YukihoKirihara/Lab2-RTP-Test
"RTP.RECEIVER_TEST_WRONG_CHKSUM_DATA" start time: Nov 07 03:34 PST
Output:
----------------------------------------------------------
Note: Google Test filter = RTP.RECEIVER_TEST_WRONG_CHKSUM_DATA
[==========] Running 1 test from 1 test suite.
[----------] Global test environment set-up.
[----------] 1 test from RTP
[ RUN      ] RTP.RECEIVER_TEST_WRONG_CHKSUM_DATA
RTP Connection terminated.
UDP socket closed.
[       OK ] RTP.RECEIVER_TEST_WRONG_CHKSUM_DATA (28470 ms)
[----------] 1 test from RTP (28470 ms total)

[----------] Global test environment tear-down
[==========] 1 test from 1 test suite ran. (28471 ms total)
[  PASSED  ] 1 test.
<end of output>
Test time =  28.48 sec
----------------------------------------------------------
Test Passed.
"RTP.RECEIVER_TEST_WRONG_CHKSUM_DATA" end time: Nov 07 03:34 PST
"RTP.RECEIVER_TEST_WRONG_CHKSUM_DATA" time elapsed: 00:00:28
----------------------------------------------------------

6/26 Testing: RTP.RECEIVER_TEST_REORDER_DATA
6/26 Test: RTP.RECEIVER_TEST_REORDER_DATA
Command: "/home/zky/lab2-rtp-YukihoKirihara/Lab2-RTP-Test/rtp_test_all" "--gtest_filter=RTP.RECEIVER_TEST_REORDER_DATA" "--gtest_also_run_disabled_tests"
Directory: /home/zky/lab2-rtp-YukihoKirihara/Lab2-RTP-Test
"RTP.RECEIVER_TEST_REORDER_DATA" start time: Nov 07 03:34 PST
Output:
----------------------------------------------------------
Note: Google Test filter = RTP.RECEIVER_TEST_REORDER_DATA
[==========] Running 1 test from 1 test suite.
[----------] Global test environment set-up.
[----------] 1 test from RTP
[ RUN      ] RTP.RECEIVER_TEST_REORDER_DATA
RTP Connection terminated.
UDP socket closed.
[       OK ] RTP.RECEIVER_TEST_REORDER_DATA (14562 ms)
[----------] 1 test from RTP (14562 ms total)

[----------] Global test environment tear-down
[==========] 1 test from 1 test suite ran. (14562 ms total)
[  PASSED  ] 1 test.
<end of output>
Test time =  14.57 sec
----------------------------------------------------------
Test Passed.
"RTP.RECEIVER_TEST_REORDER_DATA" end time: Nov 07 03:34 PST
"RTP.RECEIVER_TEST_REORDER_DATA" time elapsed: 00:00:14
----------------------------------------------------------

7/26 Testing: RTP.RECEIVER_TEST_MIXED_1
7/26 Test: RTP.RECEIVER_TEST_MIXED_1
Command: "/home/zky/lab2-rtp-YukihoKirihara/Lab2-RTP-Test/rtp_test_all" "--gtest_filter=RTP.RECEIVER_TEST_MIXED_1" "--gtest_also_run_disabled_tests"
Directory: /home/zky/lab2-rtp-YukihoKirihara/Lab2-RTP-Test
"RTP.RECEIVER_TEST_MIXED_1" start time: Nov 07 03:34 PST
Output:
----------------------------------------------------------
Note: Google Test filter = RTP.RECEIVER_TEST_MIXED_1
[==========] Running 1 test from 1 test suite.
[----------] Global test environment set-up.
[----------] 1 test from RTP
[ RUN      ] RTP.RECEIVER_TEST_MIXED_1
RTP Connection terminated.
UDP socket closed.
[       OK ] RTP.RECEIVER_TEST_MIXED_1 (23465 ms)
[----------] 1 test from RTP (23465 ms total)

[----------] Global test environment tear-down
[==========] 1 test from 1 test suite ran. (23465 ms total)
[  PASSED  ] 1 test.
<end of output>
Test time =  23.49 sec
----------------------------------------------------------
Test Passed.
"RTP.RECEIVER_TEST_MIXED_1" end time: Nov 07 03:35 PST
"RTP.RECEIVER_TEST_MIXED_1" time elapsed: 00:00:23
----------------------------------------------------------

8/26 Testing: RTP.RECEIVER_TEST_MIXED_2
8/26 Test: RTP.RECEIVER_TEST_MIXED_2
Command: "/home/zky/lab2-rtp-YukihoKirihara/Lab2-RTP-Test/rtp_test_all" "--gtest_filter=RTP.RECEIVER_TEST_MIXED_2" "--gtest_also_run_disabled_tests"
Directory: /home/zky/lab2-rtp-YukihoKirihara/Lab2-RTP-Test
"RTP.RECEIVER_TEST_MIXED_2" start time: Nov 07 03:35 PST
Output:
----------------------------------------------------------
Note: Google Test filter = RTP.RECEIVER_TEST_MIXED_2
[==========] Running 1 test from 1 test suite.
[----------] Global test environment set-up.
[----------] 1 test from RTP
[ RUN      ] RTP.RECEIVER_TEST_MIXED_2
RTP Connection terminated.
UDP socket closed.
[       OK ] RTP.RECEIVER_TEST_MIXED_2 (30459 ms)
[----------] 1 test from RTP (30459 ms total)

[----------] Global test environment tear-down
[==========] 1 test from 1 test suite ran. (30459 ms total)
[  PASSED  ] 1 test.
<end of output>
Test time =  30.47 sec
----------------------------------------------------------
Test Passed.
"RTP.RECEIVER_TEST_MIXED_2" end time: Nov 07 03:35 PST
"RTP.RECEIVER_TEST_MIXED_2" time elapsed: 00:00:30
----------------------------------------------------------

9/26 Testing: RTP.SENDER_TEST_LOST_ACK
9/26 Test: RTP.SENDER_TEST_LOST_ACK
Command: "/home/zky/lab2-rtp-YukihoKirihara/Lab2-RTP-Test/rtp_test_all" "--gtest_filter=RTP.SENDER_TEST_LOST_ACK" "--gtest_also_run_disabled_tests"
Directory: /home/zky/lab2-rtp-YukihoKirihara/Lab2-RTP-Test
"RTP.SENDER_TEST_LOST_ACK" start time: Nov 07 03:35 PST
Output:
----------------------------------------------------------
Note: Google Test filter = RTP.SENDER_TEST_LOST_ACK
[==========] Running 1 test from 1 test suite.
[----------] Global test environment set-up.
[----------] 1 test from RTP
[ RUN      ] RTP.SENDER_TEST_LOST_ACK
START Message sent.
RTP Connection starts.
RTP Connection terminated.
UDP socket closed.
[       OK ] RTP.SENDER_TEST_LOST_ACK (161462 ms)
[----------] 1 test from RTP (161462 ms total)

[----------] Global test environment tear-down
[==========] 1 test from 1 test suite ran. (161462 ms total)
[  PASSED  ] 1 test.
<end of output>
Test time = 161.47 sec
----------------------------------------------------------
Test Passed.
"RTP.SENDER_TEST_LOST_ACK" end time: Nov 07 03:38 PST
"RTP.SENDER_TEST_LOST_ACK" time elapsed: 00:02:41
----------------------------------------------------------

10/26 Testing: RTP.SENDER_TEST_DUP_ACK
10/26 Test: RTP.SENDER_TEST_DUP_ACK
Command: "/home/zky/lab2-rtp-YukihoKirihara/Lab2-RTP-Test/rtp_test_all" "--gtest_filter=RTP.SENDER_TEST_DUP_ACK" "--gtest_also_run_disabled_tests"
Directory: /home/zky/lab2-rtp-YukihoKirihara/Lab2-RTP-Test
"RTP.SENDER_TEST_DUP_ACK" start time: Nov 07 03:38 PST
Output:
----------------------------------------------------------
Note: Google Test filter = RTP.SENDER_TEST_DUP_ACK
[==========] Running 1 test from 1 test suite.
[----------] Global test environment set-up.
[----------] 1 test from RTP
[ RUN      ] RTP.SENDER_TEST_DUP_ACK
START Message sent.
RTP Connection starts.
RTP Connection terminated.
UDP socket closed.
[       OK ] RTP.SENDER_TEST_DUP_ACK (16162 ms)
[----------] 1 test from RTP (16163 ms total)

[----------] Global test environment tear-down
[==========] 1 test from 1 test suite ran. (16163 ms total)
[  PASSED  ] 1 test.
<end of output>
Test time =  16.18 sec
----------------------------------------------------------
Test Passed.
"RTP.SENDER_TEST_DUP_ACK" end time: Nov 07 03:38 PST
"RTP.SENDER_TEST_DUP_ACK" time elapsed: 00:00:16
----------------------------------------------------------

11/26 Testing: RTP.SENDER_TEST_WRONG_CHKSUM_ACK
11/26 Test: RTP.SENDER_TEST_WRONG_CHKSUM_ACK
Command: "/home/zky/lab2-rtp-YukihoKirihara/Lab2-RTP-Test/rtp_test_all" "--gtest_filter=RTP.SENDER_TEST_WRONG_CHKSUM_ACK" "--gtest_also_run_disabled_tests"
Directory: /home/zky/lab2-rtp-YukihoKirihara/Lab2-RTP-Test
"RTP.SENDER_TEST_WRONG_CHKSUM_ACK" start time: Nov 07 03:38 PST
Output:
----------------------------------------------------------
Note: Google Test filter = RTP.SENDER_TEST_WRONG_CHKSUM_ACK
[==========] Running 1 test from 1 test suite.
[----------] Global test environment set-up.
[----------] 1 test from RTP
[ RUN      ] RTP.SENDER_TEST_WRONG_CHKSUM_ACK
START Message sent.
RTP Connection starts.
RTP Connection terminated.
UDP socket closed.
[       OK ] RTP.SENDER_TEST_WRONG_CHKSUM_ACK (3760 ms)
[----------] 1 test from RTP (3760 ms total)

[----------] Global test environment tear-down
[==========] 1 test from 1 test suite ran. (3760 ms total)
[  PASSED  ] 1 test.
<end of output>
Test time =   3.78 sec
----------------------------------------------------------
Test Passed.
"RTP.SENDER_TEST_WRONG_CHKSUM_ACK" end time: Nov 07 03:38 PST
"RTP.SENDER_TEST_WRONG_CHKSUM_ACK" time elapsed: 00:00:03
----------------------------------------------------------

12/26 Testing: RTP.SENDER_TEST_REORDER_ACK
12/26 Test: RTP.SENDER_TEST_REORDER_ACK
Command: "/home/zky/lab2-rtp-YukihoKirihara/Lab2-RTP-Test/rtp_test_all" "--gtest_filter=RTP.SENDER_TEST_REORDER_ACK" "--gtest_also_run_disabled_tests"
Directory: /home/zky/lab2-rtp-YukihoKirihara/Lab2-RTP-Test
"RTP.SENDER_TEST_REORDER_ACK" start time: Nov 07 03:38 PST
Output:
----------------------------------------------------------
Note: Google Test filter = RTP.SENDER_TEST_REORDER_ACK
[==========] Running 1 test from 1 test suite.
[----------] Global test environment set-up.
[----------] 1 test from RTP
[ RUN      ] RTP.SENDER_TEST_REORDER_ACK
START Message sent.
RTP Connection starts.
RTP Connection terminated.
UDP socket closed.
[       OK ] RTP.SENDER_TEST_REORDER_ACK (2855 ms)
[----------] 1 test from RTP (2855 ms total)

[----------] Global test environment tear-down
[==========] 1 test from 1 test suite ran. (2855 ms total)
[  PASSED  ] 1 test.
<end of output>
Test time =   2.87 sec
----------------------------------------------------------
Test Passed.
"RTP.SENDER_TEST_REORDER_ACK" end time: Nov 07 03:38 PST
"RTP.SENDER_TEST_REORDER_ACK" time elapsed: 00:00:02
----------------------------------------------------------

13/26 Testing: RTP.SENDER_TEST_MIXED_1
13/26 Test: RTP.SENDER_TEST_MIXED_1
Command: "/home/zky/lab2-rtp-YukihoKirihara/Lab2-RTP-Test/rtp_test_all" "--gtest_filter=RTP.SENDER_TEST_MIXED_1" "--gtest_also_run_disabled_tests"
Directory: /home/zky/lab2-rtp-YukihoKirihara/Lab2-RTP-Test
"RTP.SENDER_TEST_MIXED_1" start time: Nov 07 03:38 PST
Output:
----------------------------------------------------------
Note: Google Test filter = RTP.SENDER_TEST_MIXED_1
[==========] Running 1 test from 1 test suite.
[----------] Global test environment set-up.
[----------] 1 test from RTP
[ RUN      ] RTP.SENDER_TEST_MIXED_1
START Message sent.
RTP Connection starts.
RTP Connection terminated.
UDP socket closed.
[       OK ] RTP.SENDER_TEST_MIXED_1 (6679 ms)
[----------] 1 test from RTP (6679 ms total)

[----------] Global test environment tear-down
[==========] 1 test from 1 test suite ran. (6680 ms total)
[  PASSED  ] 1 test.
<end of output>
Test time =   6.69 sec
----------------------------------------------------------
Test Passed.
"RTP.SENDER_TEST_MIXED_1" end time: Nov 07 03:38 PST
"RTP.SENDER_TEST_MIXED_1" time elapsed: 00:00:06
----------------------------------------------------------

14/26 Testing: RTP.SENDER_TEST_MIXED_2
14/26 Test: RTP.SENDER_TEST_MIXED_2
Command: "/home/zky/lab2-rtp-YukihoKirihara/Lab2-RTP-Test/rtp_test_all" "--gtest_filter=RTP.SENDER_TEST_MIXED_2" "--gtest_also_run_disabled_tests"
Directory: /home/zky/lab2-rtp-YukihoKirihara/Lab2-RTP-Test
"RTP.SENDER_TEST_MIXED_2" start time: Nov 07 03:38 PST
Output:
----------------------------------------------------------
Note: Google Test filter = RTP.SENDER_TEST_MIXED_2
[==========] Running 1 test from 1 test suite.
[----------] Global test environment set-up.
[----------] 1 test from RTP
[ RUN      ] RTP.SENDER_TEST_MIXED_2
START Message sent.
RTP Connection starts.
RTP Connection terminated.
UDP socket closed.
[       OK ] RTP.SENDER_TEST_MIXED_2 (3866 ms)
[----------] 1 test from RTP (3866 ms total)

[----------] Global test environment tear-down
[==========] 1 test from 1 test suite ran. (3866 ms total)
[  PASSED  ] 1 test.
<end of output>
Test time =   3.88 sec
----------------------------------------------------------
Test Passed.
"RTP.SENDER_TEST_MIXED_2" end time: Nov 07 03:39 PST
"RTP.SENDER_TEST_MIXED_2" time elapsed: 00:00:03
----------------------------------------------------------

15/26 Testing: RTP.OPT_RECEIVER_TEST_LOST_DATA
15/26 Test: RTP.OPT_RECEIVER_TEST_LOST_DATA
Command: "/home/zky/lab2-rtp-YukihoKirihara/Lab2-RTP-Test/rtp_test_all" "--gtest_filter=RTP.OPT_RECEIVER_TEST_LOST_DATA" "--gtest_also_run_disabled_tests"
Directory: /home/zky/lab2-rtp-YukihoKirihara/Lab2-RTP-Test
"RTP.OPT_RECEIVER_TEST_LOST_DATA" start time: Nov 07 03:39 PST
Output:
----------------------------------------------------------
Note: Google Test filter = RTP.OPT_RECEIVER_TEST_LOST_DATA
[==========] Running 1 test from 1 test suite.
[----------] Global test environment set-up.
[----------] 1 test from RTP
[ RUN      ] RTP.OPT_RECEIVER_TEST_LOST_DATA
RTP Connection terminated.
UDP socket closed.
[       OK ] RTP.OPT_RECEIVER_TEST_LOST_DATA (18549 ms)
[----------] 1 test from RTP (18549 ms total)

[----------] Global test environment tear-down
[==========] 1 test from 1 test suite ran. (18550 ms total)
[  PASSED  ] 1 test.
<end of output>
Test time =  18.56 sec
----------------------------------------------------------
Test Passed.
"RTP.OPT_RECEIVER_TEST_LOST_DATA" end time: Nov 07 03:39 PST
"RTP.OPT_RECEIVER_TEST_LOST_DATA" time elapsed: 00:00:18
----------------------------------------------------------

16/26 Testing: RTP.OPT_RECEIVER_TEST_DUP_DATA
16/26 Test: RTP.OPT_RECEIVER_TEST_DUP_DATA
Command: "/home/zky/lab2-rtp-YukihoKirihara/Lab2-RTP-Test/rtp_test_all" "--gtest_filter=RTP.OPT_RECEIVER_TEST_DUP_DATA" "--gtest_also_run_disabled_tests"
Directory: /home/zky/lab2-rtp-YukihoKirihara/Lab2-RTP-Test
"RTP.OPT_RECEIVER_TEST_DUP_DATA" start time: Nov 07 03:39 PST
Output:
----------------------------------------------------------
Note: Google Test filter = RTP.OPT_RECEIVER_TEST_DUP_DATA
[==========] Running 1 test from 1 test suite.
[----------] Global test environment set-up.
[----------] 1 test from RTP
[ RUN      ] RTP.OPT_RECEIVER_TEST_DUP_DATA
RTP Connection terminated.
UDP socket closed.
[       OK ] RTP.OPT_RECEIVER_TEST_DUP_DATA (12905 ms)
[----------] 1 test from RTP (12905 ms total)

[----------] Global test environment tear-down
[==========] 1 test from 1 test suite ran. (12906 ms total)
[  PASSED  ] 1 test.
<end of output>
Test time =  12.92 sec
----------------------------------------------------------
Test Passed.
"RTP.OPT_RECEIVER_TEST_DUP_DATA" end time: Nov 07 03:39 PST
"RTP.OPT_RECEIVER_TEST_DUP_DATA" time elapsed: 00:00:12
----------------------------------------------------------

17/26 Testing: RTP.OPT_RECEIVER_TEST_WRONG_CHKSUM_DATA
17/26 Test: RTP.OPT_RECEIVER_TEST_WRONG_CHKSUM_DATA
Command: "/home/zky/lab2-rtp-YukihoKirihara/Lab2-RTP-Test/rtp_test_all" "--gtest_filter=RTP.OPT_RECEIVER_TEST_WRONG_CHKSUM_DATA" "--gtest_also_run_disabled_tests"
Directory: /home/zky/lab2-rtp-YukihoKirihara/Lab2-RTP-Test
"RTP.OPT_RECEIVER_TEST_WRONG_CHKSUM_DATA" start time: Nov 07 03:39 PST
Output:
----------------------------------------------------------
Note: Google Test filter = RTP.OPT_RECEIVER_TEST_WRONG_CHKSUM_DATA
[==========] Running 1 test from 1 test suite.
[----------] Global test environment set-up.
[----------] 1 test from RTP
[ RUN      ] RTP.OPT_RECEIVER_TEST_WRONG_CHKSUM_DATA
RTP Connection terminated.
UDP socket closed.
[       OK ] RTP.OPT_RECEIVER_TEST_WRONG_CHKSUM_DATA (18522 ms)
[----------] 1 test from RTP (18522 ms total)

[----------] Global test environment tear-down
[==========] 1 test from 1 test suite ran. (18522 ms total)
[  PASSED  ] 1 test.
<end of output>
Test time =  18.53 sec
----------------------------------------------------------
Test Passed.
"RTP.OPT_RECEIVER_TEST_WRONG_CHKSUM_DATA" end time: Nov 07 03:39 PST
"RTP.OPT_RECEIVER_TEST_WRONG_CHKSUM_DATA" time elapsed: 00:00:18
----------------------------------------------------------

18/26 Testing: RTP.OPT_RECEIVER_TEST_REORDER_DATA
18/26 Test: RTP.OPT_RECEIVER_TEST_REORDER_DATA
Command: "/home/zky/lab2-rtp-YukihoKirihara/Lab2-RTP-Test/rtp_test_all" "--gtest_filter=RTP.OPT_RECEIVER_TEST_REORDER_DATA" "--gtest_also_run_disabled_tests"
Directory: /home/zky/lab2-rtp-YukihoKirihara/Lab2-RTP-Test
"RTP.OPT_RECEIVER_TEST_REORDER_DATA" start time: Nov 07 03:39 PST
Output:
----------------------------------------------------------
Note: Google Test filter = RTP.OPT_RECEIVER_TEST_REORDER_DATA
[==========] Running 1 test from 1 test suite.
[----------] Global test environment set-up.
[----------] 1 test from RTP
[ RUN      ] RTP.OPT_RECEIVER_TEST_REORDER_DATA
RTP Connection terminated.
UDP socket closed.
[       OK ] RTP.OPT_RECEIVER_TEST_REORDER_DATA (10691 ms)
[----------] 1 test from RTP (10691 ms total)

[----------] Global test environment tear-down
[==========] 1 test from 1 test suite ran. (10691 ms total)
[  PASSED  ] 1 test.
<end of output>
Test time =  10.70 sec
----------------------------------------------------------
Test Passed.
"RTP.OPT_RECEIVER_TEST_REORDER_DATA" end time: Nov 07 03:40 PST
"RTP.OPT_RECEIVER_TEST_REORDER_DATA" time elapsed: 00:00:10
----------------------------------------------------------

19/26 Testing: RTP.OPT_RECEIVER_TEST_MIXED_1
19/26 Test: RTP.OPT_RECEIVER_TEST_MIXED_1
Command: "/home/zky/lab2-rtp-YukihoKirihara/Lab2-RTP-Test/rtp_test_all" "--gtest_filter=RTP.OPT_RECEIVER_TEST_MIXED_1" "--gtest_also_run_disabled_tests"
Directory: /home/zky/lab2-rtp-YukihoKirihara/Lab2-RTP-Test
"RTP.OPT_RECEIVER_TEST_MIXED_1" start time: Nov 07 03:40 PST
Output:
----------------------------------------------------------
Note: Google Test filter = RTP.OPT_RECEIVER_TEST_MIXED_1
[==========] Running 1 test from 1 test suite.
[----------] Global test environment set-up.
[----------] 1 test from RTP
[ RUN      ] RTP.OPT_RECEIVER_TEST_MIXED_1
RTP Connection terminated.
UDP socket closed.
[       OK ] RTP.OPT_RECEIVER_TEST_MIXED_1 (15233 ms)
[----------] 1 test from RTP (15233 ms total)

[----------] Global test environment tear-down
[==========] 1 test from 1 test suite ran. (15233 ms total)
[  PASSED  ] 1 test.
<end of output>
Test time =  15.24 sec
----------------------------------------------------------
Test Passed.
"RTP.OPT_RECEIVER_TEST_MIXED_1" end time: Nov 07 03:40 PST
"RTP.OPT_RECEIVER_TEST_MIXED_1" time elapsed: 00:00:15
----------------------------------------------------------

20/26 Testing: RTP.OPT_RECEIVER_TEST_MIXED_2
20/26 Test: RTP.OPT_RECEIVER_TEST_MIXED_2
Command: "/home/zky/lab2-rtp-YukihoKirihara/Lab2-RTP-Test/rtp_test_all" "--gtest_filter=RTP.OPT_RECEIVER_TEST_MIXED_2" "--gtest_also_run_disabled_tests"
Directory: /home/zky/lab2-rtp-YukihoKirihara/Lab2-RTP-Test
"RTP.OPT_RECEIVER_TEST_MIXED_2" start time: Nov 07 03:40 PST
Output:
----------------------------------------------------------
Note: Google Test filter = RTP.OPT_RECEIVER_TEST_MIXED_2
[==========] Running 1 test from 1 test suite.
[----------] Global test environment set-up.
[----------] 1 test from RTP
[ RUN      ] RTP.OPT_RECEIVER_TEST_MIXED_2
RTP Connection terminated.
UDP socket closed.
[       OK ] RTP.OPT_RECEIVER_TEST_MIXED_2 (22097 ms)
[----------] 1 test from RTP (22097 ms total)

[----------] Global test environment tear-down
[==========] 1 test from 1 test suite ran. (22098 ms total)
[  PASSED  ] 1 test.
<end of output>
Test time =  22.11 sec
----------------------------------------------------------
Test Passed.
"RTP.OPT_RECEIVER_TEST_MIXED_2" end time: Nov 07 03:40 PST
"RTP.OPT_RECEIVER_TEST_MIXED_2" time elapsed: 00:00:22
----------------------------------------------------------

21/26 Testing: RTP.OPT_SENDER_TEST_LOST_ACK
21/26 Test: RTP.OPT_SENDER_TEST_LOST_ACK
Command: "/home/zky/lab2-rtp-YukihoKirihara/Lab2-RTP-Test/rtp_test_all" "--gtest_filter=RTP.OPT_SENDER_TEST_LOST_ACK" "--gtest_also_run_disabled_tests"
Directory: /home/zky/lab2-rtp-YukihoKirihara/Lab2-RTP-Test
"RTP.OPT_SENDER_TEST_LOST_ACK" start time: Nov 07 03:40 PST
Output:
----------------------------------------------------------
Note: Google Test filter = RTP.OPT_SENDER_TEST_LOST_ACK
[==========] Running 1 test from 1 test suite.
[----------] Global test environment set-up.
[----------] 1 test from RTP
[ RUN      ] RTP.OPT_SENDER_TEST_LOST_ACK
START Message sent.
RTP Connection starts.
RTP Connection terminated.
UDP socket closed.
[       OK ] RTP.OPT_SENDER_TEST_LOST_ACK (21121 ms)
[----------] 1 test from RTP (21121 ms total)

[----------] Global test environment tear-down
[==========] 1 test from 1 test suite ran. (21121 ms total)
[  PASSED  ] 1 test.
<end of output>
Test time =  21.14 sec
----------------------------------------------------------
Test Passed.
"RTP.OPT_SENDER_TEST_LOST_ACK" end time: Nov 07 03:41 PST
"RTP.OPT_SENDER_TEST_LOST_ACK" time elapsed: 00:00:21
----------------------------------------------------------

22/26 Testing: RTP.OPT_SENDER_TEST_DUP_ACK
22/26 Test: RTP.OPT_SENDER_TEST_DUP_ACK
Command: "/home/zky/lab2-rtp-YukihoKirihara/Lab2-RTP-Test/rtp_test_all" "--gtest_filter=RTP.OPT_SENDER_TEST_DUP_ACK" "--gtest_also_run_disabled_tests"
Directory: /home/zky/lab2-rtp-YukihoKirihara/Lab2-RTP-Test
"RTP.OPT_SENDER_TEST_DUP_ACK" start time: Nov 07 03:41 PST
Output:
----------------------------------------------------------
Note: Google Test filter = RTP.OPT_SENDER_TEST_DUP_ACK
[==========] Running 1 test from 1 test suite.
[----------] Global test environment set-up.
[----------] 1 test from RTP
[ RUN      ] RTP.OPT_SENDER_TEST_DUP_ACK
START Message sent.
RTP Connection starts.
RTP Connection terminated.
UDP socket closed.
[       OK ] RTP.OPT_SENDER_TEST_DUP_ACK (5832 ms)
[----------] 1 test from RTP (5832 ms total)

[----------] Global test environment tear-down
[==========] 1 test from 1 test suite ran. (5832 ms total)
[  PASSED  ] 1 test.
<end of output>
Test time =   5.85 sec
----------------------------------------------------------
Test Passed.
"RTP.OPT_SENDER_TEST_DUP_ACK" end time: Nov 07 03:41 PST
"RTP.OPT_SENDER_TEST_DUP_ACK" time elapsed: 00:00:05
----------------------------------------------------------

23/26 Testing: RTP.OPT_SENDER_TEST_WRONG_CHKSUM_ACK
23/26 Test: RTP.OPT_SENDER_TEST_WRONG_CHKSUM_ACK
Command: "/home/zky/lab2-rtp-YukihoKirihara/Lab2-RTP-Test/rtp_test_all" "--gtest_filter=RTP.OPT_SENDER_TEST_WRONG_CHKSUM_ACK" "--gtest_also_run_disabled_tests"
Directory: /home/zky/lab2-rtp-YukihoKirihara/Lab2-RTP-Test
"RTP.OPT_SENDER_TEST_WRONG_CHKSUM_ACK" start time: Nov 07 03:41 PST
Output:
----------------------------------------------------------
Note: Google Test filter = RTP.OPT_SENDER_TEST_WRONG_CHKSUM_ACK
[==========] Running 1 test from 1 test suite.
[----------] Global test environment set-up.
[----------] 1 test from RTP
[ RUN      ] RTP.OPT_SENDER_TEST_WRONG_CHKSUM_ACK
START Message sent.
RTP Connection starts.
RTP Connection terminated.
UDP socket closed.
[       OK ] RTP.OPT_SENDER_TEST_WRONG_CHKSUM_ACK (14956 ms)
[----------] 1 test from RTP (14956 ms total)

[----------] Global test environment tear-down
[==========] 1 test from 1 test suite ran. (14956 ms total)
[  PASSED  ] 1 test.
<end of output>
Test time =  14.97 sec
----------------------------------------------------------
Test Passed.
"RTP.OPT_SENDER_TEST_WRONG_CHKSUM_ACK" end time: Nov 07 03:41 PST
"RTP.OPT_SENDER_TEST_WRONG_CHKSUM_ACK" time elapsed: 00:00:14
----------------------------------------------------------

24/26 Testing: RTP.OPT_SENDER_TEST_REORDER_ACK
24/26 Test: RTP.OPT_SENDER_TEST_REORDER_ACK
Command: "/home/zky/lab2-rtp-YukihoKirihara/Lab2-RTP-Test/rtp_test_all" "--gtest_filter=RTP.OPT_SENDER_TEST_REORDER_ACK" "--gtest_also_run_disabled_tests"
Directory: /home/zky/lab2-rtp-YukihoKirihara/Lab2-RTP-Test
"RTP.OPT_SENDER_TEST_REORDER_ACK" start time: Nov 07 03:41 PST
Output:
----------------------------------------------------------
Note: Google Test filter = RTP.OPT_SENDER_TEST_REORDER_ACK
[==========] Running 1 test from 1 test suite.
[----------] Global test environment set-up.
[----------] 1 test from RTP
[ RUN      ] RTP.OPT_SENDER_TEST_REORDER_ACK
START Message sent.
RTP Connection starts.
RTP Connection terminated.
UDP socket closed.
[       OK ] RTP.OPT_SENDER_TEST_REORDER_ACK (2699 ms)
[----------] 1 test from RTP (2699 ms total)

[----------] Global test environment tear-down
[==========] 1 test from 1 test suite ran. (2699 ms total)
[  PASSED  ] 1 test.
<end of output>
Test time =   2.71 sec
----------------------------------------------------------
Test Passed.
"RTP.OPT_SENDER_TEST_REORDER_ACK" end time: Nov 07 03:41 PST
"RTP.OPT_SENDER_TEST_REORDER_ACK" time elapsed: 00:00:02
----------------------------------------------------------

25/26 Testing: RTP.OPT_SENDER_TEST_MIXED_1
25/26 Test: RTP.OPT_SENDER_TEST_MIXED_1
Command: "/home/zky/lab2-rtp-YukihoKirihara/Lab2-RTP-Test/rtp_test_all" "--gtest_filter=RTP.OPT_SENDER_TEST_MIXED_1" "--gtest_also_run_disabled_tests"
Directory: /home/zky/lab2-rtp-YukihoKirihara/Lab2-RTP-Test
"RTP.OPT_SENDER_TEST_MIXED_1" start time: Nov 07 03:41 PST
Output:
----------------------------------------------------------
Note: Google Test filter = RTP.OPT_SENDER_TEST_MIXED_1
[==========] Running 1 test from 1 test suite.
[----------] Global test environment set-up.
[----------] 1 test from RTP
[ RUN      ] RTP.OPT_SENDER_TEST_MIXED_1
START Message sent.
RTP Connection starts.
RTP Connection terminated.
UDP socket closed.
[       OK ] RTP.OPT_SENDER_TEST_MIXED_1 (11963 ms)
[----------] 1 test from RTP (11964 ms total)

[----------] Global test environment tear-down
[==========] 1 test from 1 test suite ran. (11964 ms total)
[  PASSED  ] 1 test.
<end of output>
Test time =  11.98 sec
----------------------------------------------------------
Test Passed.
"RTP.OPT_SENDER_TEST_MIXED_1" end time: Nov 07 03:41 PST
"RTP.OPT_SENDER_TEST_MIXED_1" time elapsed: 00:00:11
----------------------------------------------------------

26/26 Testing: RTP.OPT_SENDER_TEST_MIXED_2
26/26 Test: RTP.OPT_SENDER_TEST_MIXED_2
Command: "/home/zky/lab2-rtp-YukihoKirihara/Lab2-RTP-Test/rtp_test_all" "--gtest_filter=RTP.OPT_SENDER_TEST_MIXED_2" "--gtest_also_run_disabled_tests"
Directory: /home/zky/lab2-rtp-YukihoKirihara/Lab2-RTP-Test
"RTP.OPT_SENDER_TEST_MIXED_2" start time: Nov 07 03:41 PST
Output:
----------------------------------------------------------
Note: Google Test filter = RTP.OPT_SENDER_TEST_MIXED_2
[==========] Running 1 test from 1 test suite.
[----------] Global test environment set-up.
[----------] 1 test from RTP
[ RUN      ] RTP.OPT_SENDER_TEST_MIXED_2
START Message sent.
RTP Connection starts.
RTP Connection terminated.
UDP socket closed.
[       OK ] RTP.OPT_SENDER_TEST_MIXED_2 (20400 ms)
[----------] 1 test from RTP (20400 ms total)

[----------] Global test environment tear-down
[==========] 1 test from 1 test suite ran. (20401 ms total)
[  PASSED  ] 1 test.
<end of output>
Test time =  20.42 sec
----------------------------------------------------------
Test Passed.
"RTP.OPT_SENDER_TEST_MIXED_2" end time: Nov 07 03:41 PST
"RTP.OPT_SENDER_TEST_MIXED_2" time elapsed: 00:00:20
----------------------------------------------------------

End testing: Nov 07 03:41 PST
